<?xml version="1.0" encoding="UTF-8"?>
<testng-results ignored="0" total="1" passed="1" failed="0" skipped="0">
  <reporter-output>
  </reporter-output>
  <suite started-at="2023-09-29T11:47:55 IST" name="Default suite" finished-at="2023-09-29T11:48:44 IST" duration-ms="48960">
    <groups>
    </groups>
    <test started-at="2023-09-29T11:47:55 IST" name="Default test" finished-at="2023-09-29T11:48:44 IST" duration-ms="48960">
      <class name="driverFactory.AppTest">
        <test-method signature="kickStart()[pri:0, instance:driverFactory.AppTest@741a8937]" started-at="2023-09-29T11:47:55 IST" name="kickStart" finished-at="2023-09-29T11:48:44 IST" duration-ms="48919" status="PASS">
          <reporter-output>
          </reporter-output>
        </test-method> <!-- kickStart -->
      </class> <!-- driverFactory.AppTest -->
    </test> <!-- Default test -->
  </suite> <!-- Default suite -->
</testng-results>
